{"/Users/bradleymatera/Desktop/CheeseWizz/CheeseWizz/CheeseWizz/Server/app/db/tests/intergration/addCheese.js": {"path":"/Users/bradleymatera/Desktop/CheeseWizz/CheeseWizz/CheeseWizz/Server/app/db/tests/intergration/addCheese.js","statementMap":{"0":{"start":{"line":3,"column":18},"end":{"line":9,"column":1}},"1":{"start":{"line":6,"column":2},"end":{"line":6,"column":72}},"2":{"start":{"line":8,"column":2},"end":{"line":8,"column":15}},"3":{"start":{"line":11,"column":0},"end":{"line":11,"column":27}}},"fnMap":{"0":{"name":"(anonymous_0)","decl":{"start":{"line":3,"column":18},"end":{"line":3,"column":19}},"loc":{"start":{"line":3,"column":28},"end":{"line":9,"column":1}},"line":3}},"branchMap":{},"s":{"0":1,"1":1,"2":1,"3":1},"f":{"0":1},"b":{},"_coverageSchema":"1a1c01bbd47fc00a2c39e90264f33305004495a9","hash":"d420e98e3d57f3964a4758f97c7326a698011792"}
,"/Users/bradleymatera/Desktop/CheeseWizz/CheeseWizz/CheeseWizz/Server/app/db/tests/intergration/cheeseSqrt.js": {"path":"/Users/bradleymatera/Desktop/CheeseWizz/CheeseWizz/CheeseWizz/Server/app/db/tests/intergration/cheeseSqrt.js","statementMap":{"0":{"start":{"line":2,"column":19},"end":{"line":5,"column":1}},"1":{"start":{"line":3,"column":2},"end":{"line":3,"column":71}},"2":{"start":{"line":4,"column":2},"end":{"line":4,"column":22}},"3":{"start":{"line":7,"column":0},"end":{"line":7,"column":28}}},"fnMap":{"0":{"name":"(anonymous_0)","decl":{"start":{"line":2,"column":19},"end":{"line":2,"column":20}},"loc":{"start":{"line":2,"column":26},"end":{"line":5,"column":1}},"line":2}},"branchMap":{},"s":{"0":1,"1":1,"2":1,"3":1},"f":{"0":1},"b":{},"_coverageSchema":"1a1c01bbd47fc00a2c39e90264f33305004495a9","hash":"0404eac40bf040ca9d06dd15af02edccc3945c2f"}
,"/Users/bradleymatera/Desktop/CheeseWizz/CheeseWizz/CheeseWizz/Server/app/db/tests/intergration/divideCheese.js": {"path":"/Users/bradleymatera/Desktop/CheeseWizz/CheeseWizz/CheeseWizz/Server/app/db/tests/intergration/divideCheese.js","statementMap":{"0":{"start":{"line":3,"column":21},"end":{"line":12,"column":1}},"1":{"start":{"line":5,"column":2},"end":{"line":8,"column":3}},"2":{"start":{"line":7,"column":4},"end":{"line":7,"column":53}},"3":{"start":{"line":10,"column":2},"end":{"line":10,"column":64}},"4":{"start":{"line":11,"column":2},"end":{"line":11,"column":15}},"5":{"start":{"line":14,"column":0},"end":{"line":14,"column":30}}},"fnMap":{"0":{"name":"(anonymous_0)","decl":{"start":{"line":3,"column":21},"end":{"line":3,"column":22}},"loc":{"start":{"line":3,"column":31},"end":{"line":12,"column":1}},"line":3}},"branchMap":{"0":{"loc":{"start":{"line":5,"column":2},"end":{"line":8,"column":3}},"type":"if","locations":[{"start":{"line":5,"column":2},"end":{"line":8,"column":3}},{"start":{},"end":{}}],"line":5}},"s":{"0":1,"1":1,"2":0,"3":1,"4":1,"5":1},"f":{"0":1},"b":{"0":[0,1]},"_coverageSchema":"1a1c01bbd47fc00a2c39e90264f33305004495a9","hash":"eee421ecbd5cf068718bee9b9a0e7cb750398fea"}
,"/Users/bradleymatera/Desktop/CheeseWizz/CheeseWizz/CheeseWizz/Server/app/db/tests/intergration/maxCheese.js": {"path":"/Users/bradleymatera/Desktop/CheeseWizz/CheeseWizz/CheeseWizz/Server/app/db/tests/intergration/maxCheese.js","statementMap":{"0":{"start":{"line":3,"column":18},"end":{"line":8,"column":1}},"1":{"start":{"line":5,"column":2},"end":{"line":5,"column":79}},"2":{"start":{"line":7,"column":2},"end":{"line":7,"column":24}},"3":{"start":{"line":10,"column":0},"end":{"line":10,"column":27}}},"fnMap":{"0":{"name":"(anonymous_0)","decl":{"start":{"line":3,"column":18},"end":{"line":3,"column":19}},"loc":{"start":{"line":3,"column":28},"end":{"line":8,"column":1}},"line":3}},"branchMap":{},"s":{"0":1,"1":1,"2":1,"3":1},"f":{"0":1},"b":{},"_coverageSchema":"1a1c01bbd47fc00a2c39e90264f33305004495a9","hash":"ddea7bb2795badfc1b7c587e9eddce8bb8daeca3"}
,"/Users/bradleymatera/Desktop/CheeseWizz/CheeseWizz/CheeseWizz/Server/app/db/tests/intergration/multiplyCheese.js": {"path":"/Users/bradleymatera/Desktop/CheeseWizz/CheeseWizz/CheeseWizz/Server/app/db/tests/intergration/multiplyCheese.js","statementMap":{"0":{"start":{"line":3,"column":23},"end":{"line":8,"column":1}},"1":{"start":{"line":5,"column":2},"end":{"line":5,"column":77}},"2":{"start":{"line":7,"column":2},"end":{"line":7,"column":15}},"3":{"start":{"line":10,"column":0},"end":{"line":10,"column":32}}},"fnMap":{"0":{"name":"(anonymous_0)","decl":{"start":{"line":3,"column":23},"end":{"line":3,"column":24}},"loc":{"start":{"line":3,"column":33},"end":{"line":8,"column":1}},"line":3}},"branchMap":{},"s":{"0":1,"1":1,"2":1,"3":1},"f":{"0":1},"b":{},"_coverageSchema":"1a1c01bbd47fc00a2c39e90264f33305004495a9","hash":"a87270989f8cd410dd53d678e8edfeaf3b18708e"}
,"/Users/bradleymatera/Desktop/CheeseWizz/CheeseWizz/CheeseWizz/Server/app/db/tests/intergration/subtractCheese.js": {"path":"/Users/bradleymatera/Desktop/CheeseWizz/CheeseWizz/CheeseWizz/Server/app/db/tests/intergration/subtractCheese.js","statementMap":{"0":{"start":{"line":1,"column":23},"end":{"line":4,"column":1}},"1":{"start":{"line":2,"column":2},"end":{"line":2,"column":79}},"2":{"start":{"line":3,"column":2},"end":{"line":3,"column":15}},"3":{"start":{"line":6,"column":0},"end":{"line":6,"column":32}}},"fnMap":{"0":{"name":"(anonymous_0)","decl":{"start":{"line":1,"column":23},"end":{"line":1,"column":24}},"loc":{"start":{"line":1,"column":33},"end":{"line":4,"column":1}},"line":1}},"branchMap":{},"s":{"0":1,"1":1,"2":1,"3":1},"f":{"0":1},"b":{},"_coverageSchema":"1a1c01bbd47fc00a2c39e90264f33305004495a9","hash":"6ad2b401af2fc5cbf84d6183b28c9678b01b866e"}
}
