{"/Users/bradleymatera/Desktop/CheeseWizz/CheeseWizz/CheeseWizz/Server/app/db/tests/dev/todoService.js": {"path":"/Users/bradleymatera/Desktop/CheeseWizz/CheeseWizz/CheeseWizz/Server/app/db/tests/dev/todoService.js","statementMap":{"0":{"start":{"line":1,"column":14},"end":{"line":1,"column":30}},"1":{"start":{"line":2,"column":0},"end":{"line":2,"column":27}},"2":{"start":{"line":7,"column":28},"end":{"line":10,"column":1}},"3":{"start":{"line":8,"column":21},"end":{"line":8,"column":94}},"4":{"start":{"line":9,"column":4},"end":{"line":9,"column":25}},"5":{"start":{"line":15,"column":28},"end":{"line":18,"column":1}},"6":{"start":{"line":16,"column":21},"end":{"line":16,"column":81}},"7":{"start":{"line":17,"column":4},"end":{"line":17,"column":25}},"8":{"start":{"line":23,"column":29},"end":{"line":26,"column":1}},"9":{"start":{"line":24,"column":21},"end":{"line":24,"column":101}},"10":{"start":{"line":25,"column":4},"end":{"line":25,"column":25}},"11":{"start":{"line":31,"column":29},"end":{"line":34,"column":1}},"12":{"start":{"line":32,"column":21},"end":{"line":32,"column":88}},"13":{"start":{"line":33,"column":4},"end":{"line":33,"column":25}},"14":{"start":{"line":39,"column":27},"end":{"line":42,"column":1}},"15":{"start":{"line":40,"column":21},"end":{"line":40,"column":93}},"16":{"start":{"line":41,"column":4},"end":{"line":41,"column":25}},"17":{"start":{"line":47,"column":27},"end":{"line":50,"column":1}},"18":{"start":{"line":48,"column":21},"end":{"line":48,"column":80}},"19":{"start":{"line":49,"column":4},"end":{"line":49,"column":25}},"20":{"start":{"line":52,"column":0},"end":{"line":59,"column":2}}},"fnMap":{"0":{"name":"(anonymous_0)","decl":{"start":{"line":7,"column":28},"end":{"line":7,"column":29}},"loc":{"start":{"line":7,"column":50},"end":{"line":10,"column":1}},"line":7},"1":{"name":"(anonymous_1)","decl":{"start":{"line":15,"column":28},"end":{"line":15,"column":29}},"loc":{"start":{"line":15,"column":42},"end":{"line":18,"column":1}},"line":15},"2":{"name":"(anonymous_2)","decl":{"start":{"line":23,"column":29},"end":{"line":23,"column":30}},"loc":{"start":{"line":23,"column":51},"end":{"line":26,"column":1}},"line":23},"3":{"name":"(anonymous_3)","decl":{"start":{"line":31,"column":29},"end":{"line":31,"column":30}},"loc":{"start":{"line":31,"column":43},"end":{"line":34,"column":1}},"line":31},"4":{"name":"(anonymous_4)","decl":{"start":{"line":39,"column":27},"end":{"line":39,"column":28}},"loc":{"start":{"line":39,"column":49},"end":{"line":42,"column":1}},"line":39},"5":{"name":"(anonymous_5)","decl":{"start":{"line":47,"column":27},"end":{"line":47,"column":28}},"loc":{"start":{"line":47,"column":41},"end":{"line":50,"column":1}},"line":47}},"branchMap":{"0":{"loc":{"start":{"line":7,"column":35},"end":{"line":7,"column":45}},"type":"default-arg","locations":[{"start":{"line":7,"column":43},"end":{"line":7,"column":45}}],"line":7},"1":{"loc":{"start":{"line":23,"column":36},"end":{"line":23,"column":46}},"type":"default-arg","locations":[{"start":{"line":23,"column":44},"end":{"line":23,"column":46}}],"line":23},"2":{"loc":{"start":{"line":39,"column":34},"end":{"line":39,"column":44}},"type":"default-arg","locations":[{"start":{"line":39,"column":42},"end":{"line":39,"column":44}}],"line":39}},"s":{"0":1,"1":1,"2":1,"3":1,"4":1,"5":1,"6":1,"7":1,"8":1,"9":1,"10":1,"11":1,"12":1,"13":1,"14":1,"15":1,"16":1,"17":1,"18":1,"19":1,"20":1},"f":{"0":1,"1":1,"2":1,"3":1,"4":1,"5":1},"b":{"0":[1],"1":[1],"2":[1]},"_coverageSchema":"1a1c01bbd47fc00a2c39e90264f33305004495a9","hash":"92daff1b1129c6a89f0d30497440e6a56857c795"}
,"/Users/bradleymatera/Desktop/CheeseWizz/CheeseWizz/CheeseWizz/Server/app/db/tests/intergration/addCheese.js": {"path":"/Users/bradleymatera/Desktop/CheeseWizz/CheeseWizz/CheeseWizz/Server/app/db/tests/intergration/addCheese.js","statementMap":{"0":{"start":{"line":3,"column":18},"end":{"line":9,"column":1}},"1":{"start":{"line":6,"column":2},"end":{"line":6,"column":72}},"2":{"start":{"line":8,"column":2},"end":{"line":8,"column":15}},"3":{"start":{"line":11,"column":0},"end":{"line":11,"column":27}}},"fnMap":{"0":{"name":"(anonymous_0)","decl":{"start":{"line":3,"column":18},"end":{"line":3,"column":19}},"loc":{"start":{"line":3,"column":28},"end":{"line":9,"column":1}},"line":3}},"branchMap":{},"s":{"0":1,"1":1,"2":1,"3":1},"f":{"0":1},"b":{},"_coverageSchema":"1a1c01bbd47fc00a2c39e90264f33305004495a9","hash":"d420e98e3d57f3964a4758f97c7326a698011792"}
,"/Users/bradleymatera/Desktop/CheeseWizz/CheeseWizz/CheeseWizz/Server/app/db/tests/intergration/cheeseSqrt.js": {"path":"/Users/bradleymatera/Desktop/CheeseWizz/CheeseWizz/CheeseWizz/Server/app/db/tests/intergration/cheeseSqrt.js","statementMap":{"0":{"start":{"line":2,"column":19},"end":{"line":5,"column":1}},"1":{"start":{"line":3,"column":2},"end":{"line":3,"column":71}},"2":{"start":{"line":4,"column":2},"end":{"line":4,"column":22}},"3":{"start":{"line":7,"column":0},"end":{"line":7,"column":28}}},"fnMap":{"0":{"name":"(anonymous_0)","decl":{"start":{"line":2,"column":19},"end":{"line":2,"column":20}},"loc":{"start":{"line":2,"column":26},"end":{"line":5,"column":1}},"line":2}},"branchMap":{},"s":{"0":1,"1":1,"2":1,"3":1},"f":{"0":1},"b":{},"_coverageSchema":"1a1c01bbd47fc00a2c39e90264f33305004495a9","hash":"0404eac40bf040ca9d06dd15af02edccc3945c2f"}
,"/Users/bradleymatera/Desktop/CheeseWizz/CheeseWizz/CheeseWizz/Server/app/db/tests/intergration/divideCheese.js": {"path":"/Users/bradleymatera/Desktop/CheeseWizz/CheeseWizz/CheeseWizz/Server/app/db/tests/intergration/divideCheese.js","statementMap":{"0":{"start":{"line":3,"column":21},"end":{"line":12,"column":1}},"1":{"start":{"line":5,"column":2},"end":{"line":8,"column":3}},"2":{"start":{"line":7,"column":4},"end":{"line":7,"column":53}},"3":{"start":{"line":10,"column":2},"end":{"line":10,"column":64}},"4":{"start":{"line":11,"column":2},"end":{"line":11,"column":15}},"5":{"start":{"line":14,"column":0},"end":{"line":14,"column":30}}},"fnMap":{"0":{"name":"(anonymous_0)","decl":{"start":{"line":3,"column":21},"end":{"line":3,"column":22}},"loc":{"start":{"line":3,"column":31},"end":{"line":12,"column":1}},"line":3}},"branchMap":{"0":{"loc":{"start":{"line":5,"column":2},"end":{"line":8,"column":3}},"type":"if","locations":[{"start":{"line":5,"column":2},"end":{"line":8,"column":3}},{"start":{},"end":{}}],"line":5}},"s":{"0":1,"1":1,"2":0,"3":1,"4":1,"5":1},"f":{"0":1},"b":{"0":[0,1]},"_coverageSchema":"1a1c01bbd47fc00a2c39e90264f33305004495a9","hash":"eee421ecbd5cf068718bee9b9a0e7cb750398fea"}
,"/Users/bradleymatera/Desktop/CheeseWizz/CheeseWizz/CheeseWizz/Server/app/db/tests/intergration/maxCheese.js": {"path":"/Users/bradleymatera/Desktop/CheeseWizz/CheeseWizz/CheeseWizz/Server/app/db/tests/intergration/maxCheese.js","statementMap":{"0":{"start":{"line":3,"column":18},"end":{"line":8,"column":1}},"1":{"start":{"line":5,"column":2},"end":{"line":5,"column":79}},"2":{"start":{"line":7,"column":2},"end":{"line":7,"column":24}},"3":{"start":{"line":10,"column":0},"end":{"line":10,"column":27}}},"fnMap":{"0":{"name":"(anonymous_0)","decl":{"start":{"line":3,"column":18},"end":{"line":3,"column":19}},"loc":{"start":{"line":3,"column":28},"end":{"line":8,"column":1}},"line":3}},"branchMap":{},"s":{"0":1,"1":1,"2":1,"3":1},"f":{"0":1},"b":{},"_coverageSchema":"1a1c01bbd47fc00a2c39e90264f33305004495a9","hash":"ddea7bb2795badfc1b7c587e9eddce8bb8daeca3"}
,"/Users/bradleymatera/Desktop/CheeseWizz/CheeseWizz/CheeseWizz/Server/app/db/tests/intergration/multiplyCheese.js": {"path":"/Users/bradleymatera/Desktop/CheeseWizz/CheeseWizz/CheeseWizz/Server/app/db/tests/intergration/multiplyCheese.js","statementMap":{"0":{"start":{"line":3,"column":23},"end":{"line":8,"column":1}},"1":{"start":{"line":5,"column":2},"end":{"line":5,"column":77}},"2":{"start":{"line":7,"column":2},"end":{"line":7,"column":15}},"3":{"start":{"line":10,"column":0},"end":{"line":10,"column":32}}},"fnMap":{"0":{"name":"(anonymous_0)","decl":{"start":{"line":3,"column":23},"end":{"line":3,"column":24}},"loc":{"start":{"line":3,"column":33},"end":{"line":8,"column":1}},"line":3}},"branchMap":{},"s":{"0":1,"1":1,"2":1,"3":1},"f":{"0":1},"b":{},"_coverageSchema":"1a1c01bbd47fc00a2c39e90264f33305004495a9","hash":"a87270989f8cd410dd53d678e8edfeaf3b18708e"}
,"/Users/bradleymatera/Desktop/CheeseWizz/CheeseWizz/CheeseWizz/Server/app/db/tests/intergration/subtractCheese.js": {"path":"/Users/bradleymatera/Desktop/CheeseWizz/CheeseWizz/CheeseWizz/Server/app/db/tests/intergration/subtractCheese.js","statementMap":{"0":{"start":{"line":1,"column":23},"end":{"line":4,"column":1}},"1":{"start":{"line":2,"column":2},"end":{"line":2,"column":79}},"2":{"start":{"line":3,"column":2},"end":{"line":3,"column":15}},"3":{"start":{"line":6,"column":0},"end":{"line":6,"column":32}}},"fnMap":{"0":{"name":"(anonymous_0)","decl":{"start":{"line":1,"column":23},"end":{"line":1,"column":24}},"loc":{"start":{"line":1,"column":33},"end":{"line":4,"column":1}},"line":1}},"branchMap":{},"s":{"0":1,"1":1,"2":1,"3":1},"f":{"0":1},"b":{},"_coverageSchema":"1a1c01bbd47fc00a2c39e90264f33305004495a9","hash":"6ad2b401af2fc5cbf84d6183b28c9678b01b866e"}
}
